This file contains any messages produced by compilers while
running configure, to aid debugging if configure makes a mistake.

It was created by leptonica configure 1.72, which was
generated by GNU Autoconf 2.69.  Invocation command line was

  $ ./configure --prefix=/usr/shwetank/pramati/rsh/picsense/depends

## --------- ##
## Platform. ##
## --------- ##

hostname = talon
uname -m = x86_64
uname -r = 3.13.0-32-generic
uname -s = Linux
uname -v = #57-Ubuntu SMP Tue Jul 15 03:51:08 UTC 2014

/usr/bin/uname -p = unknown
/bin/uname -X     = unknown

/bin/arch              = unknown
/usr/bin/arch -k       = unknown
/usr/convex/getsysinfo = unknown
/usr/bin/hostinfo      = unknown
/bin/machine           = unknown
/usr/bin/oslevel       = unknown
/bin/universe          = unknown

PATH: /home/shwetank/local/bin
PATH: /usr/bin
PATH: /bin
PATH: /usr/sbin
PATH: /sbin
PATH: /usr/local/bin
PATH: usr/lib/lightdm/lightdm
PATH: /usr/games
PATH: /usr/local/games
PATH: /usr/shwetank/mydata/mysofts/flex_sdk_4.5.1/bin
PATH: /usr/shwetank/sonar/sonar-runner-2.0/bin
PATH: /home/shwetank/.rvm/bin
PATH: /home/shwetank/bin


## ----------- ##
## Core tests. ##
## ----------- ##

configure:2348: checking build system type
configure:2362: result: x86_64-unknown-linux-gnu
configure:2382: checking host system type
configure:2395: result: x86_64-unknown-linux-gnu
configure:2436: checking how to print strings
configure:2463: result: printf
configure:2532: checking for gcc
configure:2548: found /usr/bin/gcc
configure:2559: result: gcc
configure:2788: checking for C compiler version
configure:2797: gcc --version >&5
gcc (Ubuntu 4.8.2-19ubuntu1) 4.8.2
Copyright (C) 2013 Free Software Foundation, Inc.
This is free software; see the source for copying conditions.  There is NO
warranty; not even for MERCHANTABILITY or FITNESS FOR A PARTICULAR PURPOSE.

configure:2808: $? = 0
configure:2797: gcc -v >&5
Using built-in specs.
COLLECT_GCC=gcc
COLLECT_LTO_WRAPPER=/usr/lib/gcc/x86_64-linux-gnu/4.8/lto-wrapper
Target: x86_64-linux-gnu
Configured with: ../src/configure -v --with-pkgversion='Ubuntu 4.8.2-19ubuntu1' --with-bugurl=file:///usr/share/doc/gcc-4.8/README.Bugs --enable-languages=c,c++,java,go,d,fortran,objc,obj-c++ --prefix=/usr --program-suffix=-4.8 --enable-shared --enable-linker-build-id --libexecdir=/usr/lib --without-included-gettext --enable-threads=posix --with-gxx-include-dir=/usr/include/c++/4.8 --libdir=/usr/lib --enable-nls --with-sysroot=/ --enable-clocale=gnu --enable-libstdcxx-debug --enable-libstdcxx-time=yes --enable-gnu-unique-object --disable-libmudflap --enable-plugin --with-system-zlib --disable-browser-plugin --enable-java-awt=gtk --enable-gtk-cairo --with-java-home=/usr/lib/jvm/java-1.5.0-gcj-4.8-amd64/jre --enable-java-home --with-jvm-root-dir=/usr/lib/jvm/java-1.5.0-gcj-4.8-amd64 --with-jvm-jar-dir=/usr/lib/jvm-exports/java-1.5.0-gcj-4.8-amd64 --with-arch-directory=amd64 --with-ecj-jar=/usr/share/java/eclipse-ecj.jar --enable-objc-gc --enable-multiarch --disable-werror --with-arch-32=i686 --with-abi=m64 --with-multilib-list=m32,m64,mx32 --with-tune=generic --enable-checking=release --build=x86_64-linux-gnu --host=x86_64-linux-gnu --target=x86_64-linux-gnu
Thread model: posix
gcc version 4.8.2 (Ubuntu 4.8.2-19ubuntu1) 
configure:2808: $? = 0
configure:2797: gcc -V >&5
gcc: error: unrecognized command line option '-V'
gcc: fatal error: no input files
compilation terminated.
configure:2808: $? = 4
configure:2797: gcc -qversion >&5
gcc: error: unrecognized command line option '-qversion'
gcc: fatal error: no input files
compilation terminated.
configure:2808: $? = 4
configure:2828: checking whether the C compiler works
configure:2850: gcc    conftest.c  >&5
configure:2854: $? = 0
configure:2902: result: yes
configure:2905: checking for C compiler default output file name
configure:2907: result: a.out
configure:2913: checking for suffix of executables
configure:2920: gcc -o conftest    conftest.c  >&5
configure:2924: $? = 0
configure:2946: result: 
configure:2968: checking whether we are cross compiling
configure:2976: gcc -o conftest    conftest.c  >&5
configure:2980: $? = 0
configure:2987: ./conftest
configure:2991: $? = 0
configure:3006: result: no
configure:3011: checking for suffix of object files
configure:3033: gcc -c   conftest.c >&5
configure:3037: $? = 0
configure:3058: result: o
configure:3062: checking whether we are using the GNU C compiler
configure:3081: gcc -c   conftest.c >&5
configure:3081: $? = 0
configure:3090: result: yes
configure:3099: checking whether gcc accepts -g
configure:3119: gcc -c -g  conftest.c >&5
configure:3119: $? = 0
configure:3160: result: yes
configure:3177: checking for gcc option to accept ISO C89
configure:3240: gcc  -c -g -O2  conftest.c >&5
configure:3240: $? = 0
configure:3253: result: none needed
configure:3273: checking for a sed that does not truncate output
configure:3337: result: /bin/sed
configure:3355: checking for grep that handles long lines and -e
configure:3413: result: /bin/grep
configure:3418: checking for egrep
configure:3480: result: /bin/grep -E
configure:3485: checking for fgrep
configure:3547: result: /bin/grep -F
configure:3582: checking for ld used by gcc
configure:3649: result: /usr/bin/ld
configure:3656: checking if the linker (/usr/bin/ld) is GNU ld
configure:3671: result: yes
configure:3683: checking for BSD- or MS-compatible name lister (nm)
configure:3732: result: /usr/bin/nm -B
configure:3862: checking the name lister (/usr/bin/nm -B) interface
configure:3869: gcc -c -g -O2  conftest.c >&5
configure:3872: /usr/bin/nm -B "conftest.o"
configure:3875: output
0000000000000000 B some_variable
configure:3882: result: BSD nm
configure:3885: checking whether ln -s works
configure:3889: result: yes
configure:3897: checking the maximum length of command line arguments
configure:4027: result: 3458764513820540925
configure:4044: checking whether the shell understands some XSI constructs
configure:4054: result: yes
configure:4058: checking whether the shell understands "+="
configure:4064: result: yes
configure:4099: checking how to convert x86_64-unknown-linux-gnu file names to x86_64-unknown-linux-gnu format
configure:4139: result: func_convert_file_noop
configure:4146: checking how to convert x86_64-unknown-linux-gnu file names to toolchain format
configure:4166: result: func_convert_file_noop
configure:4173: checking for /usr/bin/ld option to reload object files
configure:4180: result: -r
configure:4254: checking for objdump
configure:4270: found /usr/bin/objdump
configure:4281: result: objdump
configure:4313: checking how to recognize dependent libraries
configure:4515: result: pass_all
configure:4600: checking for dlltool
configure:4630: result: no
configure:4660: checking how to associate runtime and link libraries
configure:4687: result: printf %s\n
configure:4748: checking for ar
configure:4764: found /usr/bin/ar
configure:4775: result: ar
configure:4812: checking for archiver @FILE support
configure:4829: gcc -c -g -O2  conftest.c >&5
configure:4829: $? = 0
configure:4832: ar cru libconftest.a @conftest.lst >&5
configure:4835: $? = 0
configure:4840: ar cru libconftest.a @conftest.lst >&5
ar: conftest.o: No such file or directory
configure:4843: $? = 1
configure:4855: result: @
configure:4913: checking for strip
configure:4929: found /usr/bin/strip
configure:4940: result: strip
configure:5012: checking for ranlib
configure:5028: found /usr/bin/ranlib
configure:5039: result: ranlib
configure:5116: checking for gawk
configure:5132: found /usr/bin/gawk
configure:5143: result: gawk
configure:5183: checking command to parse /usr/bin/nm -B output from gcc object
configure:5303: gcc -c -g -O2  conftest.c >&5
configure:5306: $? = 0
configure:5310: /usr/bin/nm -B conftest.o \| sed -n -e 's/^.*[ ]\([ABCDGIRSTW][ABCDGIRSTW]*\)[ ][ ]*\([_A-Za-z][_A-Za-z0-9]*\)$/\1 \2 \2/p' | sed '/ __gnu_lto/d' \> conftest.nm
configure:5313: $? = 0
configure:5379: gcc -o conftest -g -O2   conftest.c conftstm.o >&5
configure:5382: $? = 0
configure:5420: result: ok
configure:5457: checking for sysroot
configure:5487: result: no
configure:5564: gcc -c -g -O2  conftest.c >&5
configure:5567: $? = 0
configure:5743: checking for mt
configure:5759: found /bin/mt
configure:5770: result: mt
configure:5793: checking if mt is a manifest tool
configure:5799: mt '-?'
configure:5807: result: no
configure:6449: checking how to run the C preprocessor
configure:6480: gcc -E  conftest.c
configure:6480: $? = 0
configure:6494: gcc -E  conftest.c
conftest.c:9:28: fatal error: ac_nonexistent.h: No such file or directory
 #include <ac_nonexistent.h>
                            ^
compilation terminated.
configure:6494: $? = 1
configure: failed program was:
| /* confdefs.h */
| #define PACKAGE_NAME "leptonica"
| #define PACKAGE_TARNAME "leptonica"
| #define PACKAGE_VERSION "1.72"
| #define PACKAGE_STRING "leptonica 1.72"
| #define PACKAGE_BUGREPORT ""
| #define PACKAGE_URL ""
| /* end confdefs.h.  */
| #include <ac_nonexistent.h>
configure:6519: result: gcc -E
configure:6539: gcc -E  conftest.c
configure:6539: $? = 0
configure:6553: gcc -E  conftest.c
conftest.c:9:28: fatal error: ac_nonexistent.h: No such file or directory
 #include <ac_nonexistent.h>
                            ^
compilation terminated.
configure:6553: $? = 1
configure: failed program was:
| /* confdefs.h */
| #define PACKAGE_NAME "leptonica"
| #define PACKAGE_TARNAME "leptonica"
| #define PACKAGE_VERSION "1.72"
| #define PACKAGE_STRING "leptonica 1.72"
| #define PACKAGE_BUGREPORT ""
| #define PACKAGE_URL ""
| /* end confdefs.h.  */
| #include <ac_nonexistent.h>
configure:6582: checking for ANSI C header files
configure:6602: gcc -c -g -O2  conftest.c >&5
configure:6602: $? = 0
configure:6675: gcc -o conftest -g -O2   conftest.c  >&5
configure:6675: $? = 0
configure:6675: ./conftest
configure:6675: $? = 0
configure:6686: result: yes
configure:6699: checking for sys/types.h
configure:6699: gcc -c -g -O2  conftest.c >&5
configure:6699: $? = 0
configure:6699: result: yes
configure:6699: checking for sys/stat.h
configure:6699: gcc -c -g -O2  conftest.c >&5
configure:6699: $? = 0
configure:6699: result: yes
configure:6699: checking for stdlib.h
configure:6699: gcc -c -g -O2  conftest.c >&5
configure:6699: $? = 0
configure:6699: result: yes
configure:6699: checking for string.h
configure:6699: gcc -c -g -O2  conftest.c >&5
configure:6699: $? = 0
configure:6699: result: yes
configure:6699: checking for memory.h
configure:6699: gcc -c -g -O2  conftest.c >&5
configure:6699: $? = 0
configure:6699: result: yes
configure:6699: checking for strings.h
configure:6699: gcc -c -g -O2  conftest.c >&5
configure:6699: $? = 0
configure:6699: result: yes
configure:6699: checking for inttypes.h
configure:6699: gcc -c -g -O2  conftest.c >&5
configure:6699: $? = 0
configure:6699: result: yes
configure:6699: checking for stdint.h
configure:6699: gcc -c -g -O2  conftest.c >&5
configure:6699: $? = 0
configure:6699: result: yes
configure:6699: checking for unistd.h
configure:6699: gcc -c -g -O2  conftest.c >&5
configure:6699: $? = 0
configure:6699: result: yes
configure:6713: checking for dlfcn.h
configure:6713: gcc -c -g -O2  conftest.c >&5
configure:6713: $? = 0
configure:6713: result: yes
configure:6919: checking for objdir
configure:6934: result: .libs
configure:7201: checking if gcc supports -fno-rtti -fno-exceptions
configure:7219: gcc -c -g -O2  -fno-rtti -fno-exceptions conftest.c >&5
cc1: warning: command line option '-fno-rtti' is valid for C++/ObjC++ but not for C [enabled by default]
configure:7223: $? = 0
configure:7236: result: no
configure:7563: checking for gcc option to produce PIC
configure:7570: result: -fPIC -DPIC
configure:7578: checking if gcc PIC flag -fPIC -DPIC works
configure:7596: gcc -c -g -O2  -fPIC -DPIC -DPIC conftest.c >&5
configure:7600: $? = 0
configure:7613: result: yes
configure:7642: checking if gcc static flag -static works
configure:7670: result: yes
configure:7685: checking if gcc supports -c -o file.o
configure:7706: gcc -c -g -O2  -o out/conftest2.o conftest.c >&5
configure:7710: $? = 0
configure:7732: result: yes
configure:7740: checking if gcc supports -c -o file.o
configure:7787: result: yes
configure:7820: checking whether the gcc linker (/usr/bin/ld -m elf_x86_64) supports shared libraries
configure:8977: result: yes
configure:9014: checking whether -lc should be explicitly linked in
configure:9022: gcc -c -g -O2  conftest.c >&5
configure:9025: $? = 0
configure:9040: gcc -shared  -fPIC -DPIC conftest.o  -v -Wl,-soname -Wl,conftest -o conftest 2\>\&1 \| /bin/grep  -lc  \>/dev/null 2\>\&1
configure:9043: $? = 0
configure:9057: result: no
configure:9217: checking dynamic linker characteristics
configure:9728: gcc -o conftest -g -O2   -Wl,-rpath -Wl,/foo conftest.c  >&5
configure:9728: $? = 0
configure:9962: result: GNU/Linux ld.so
configure:10069: checking how to hardcode library paths into programs
configure:10094: result: immediate
configure:10634: checking whether stripping libraries is possible
configure:10639: result: yes
configure:10674: checking if libtool supports shared libraries
configure:10676: result: yes
configure:10679: checking whether to build shared libraries
configure:10700: result: yes
configure:10703: checking whether to build static libraries
configure:10707: result: yes
configure:10761: checking for a BSD-compatible install
configure:10829: result: /usr/bin/install -c
configure:10840: checking whether build environment is sane
configure:10890: result: yes
configure:11031: checking for a thread-safe mkdir -p
configure:11070: result: /bin/mkdir -p
configure:11079: checking whether make sets $(MAKE)
configure:11101: result: yes
configure:11131: checking for style of include used by make
configure:11159: result: GNU
configure:11245: checking dependency style of gcc
configure:11356: result: gcc3
configure:11385: checking for gawk
configure:11412: result: gawk
configure:11471: checking for gcc
configure:11498: result: gcc
configure:11727: checking for C compiler version
configure:11736: gcc --version >&5
gcc (Ubuntu 4.8.2-19ubuntu1) 4.8.2
Copyright (C) 2013 Free Software Foundation, Inc.
This is free software; see the source for copying conditions.  There is NO
warranty; not even for MERCHANTABILITY or FITNESS FOR A PARTICULAR PURPOSE.

configure:11747: $? = 0
configure:11736: gcc -v >&5
Using built-in specs.
COLLECT_GCC=gcc
COLLECT_LTO_WRAPPER=/usr/lib/gcc/x86_64-linux-gnu/4.8/lto-wrapper
Target: x86_64-linux-gnu
Configured with: ../src/configure -v --with-pkgversion='Ubuntu 4.8.2-19ubuntu1' --with-bugurl=file:///usr/share/doc/gcc-4.8/README.Bugs --enable-languages=c,c++,java,go,d,fortran,objc,obj-c++ --prefix=/usr --program-suffix=-4.8 --enable-shared --enable-linker-build-id --libexecdir=/usr/lib --without-included-gettext --enable-threads=posix --with-gxx-include-dir=/usr/include/c++/4.8 --libdir=/usr/lib --enable-nls --with-sysroot=/ --enable-clocale=gnu --enable-libstdcxx-debug --enable-libstdcxx-time=yes --enable-gnu-unique-object --disable-libmudflap --enable-plugin --with-system-zlib --disable-browser-plugin --enable-java-awt=gtk --enable-gtk-cairo --with-java-home=/usr/lib/jvm/java-1.5.0-gcj-4.8-amd64/jre --enable-java-home --with-jvm-root-dir=/usr/lib/jvm/java-1.5.0-gcj-4.8-amd64 --with-jvm-jar-dir=/usr/lib/jvm-exports/java-1.5.0-gcj-4.8-amd64 --with-arch-directory=amd64 --with-ecj-jar=/usr/share/java/eclipse-ecj.jar --enable-objc-gc --enable-multiarch --disable-werror --with-arch-32=i686 --with-abi=m64 --with-multilib-list=m32,m64,mx32 --with-tune=generic --enable-checking=release --build=x86_64-linux-gnu --host=x86_64-linux-gnu --target=x86_64-linux-gnu
Thread model: posix
gcc version 4.8.2 (Ubuntu 4.8.2-19ubuntu1) 
configure:11747: $? = 0
configure:11736: gcc -V >&5
gcc: error: unrecognized command line option '-V'
gcc: fatal error: no input files
compilation terminated.
configure:11747: $? = 4
configure:11736: gcc -qversion >&5
gcc: error: unrecognized command line option '-qversion'
gcc: fatal error: no input files
compilation terminated.
configure:11747: $? = 4
configure:11751: checking whether we are using the GNU C compiler
configure:11779: result: yes
configure:11788: checking whether gcc accepts -g
configure:11849: result: yes
configure:11866: checking for gcc option to accept ISO C89
configure:11942: result: none needed
configure:11967: checking how to run the C preprocessor
configure:12037: result: gcc -E
configure:12057: gcc -E  conftest.c
configure:12057: $? = 0
configure:12071: gcc -E  conftest.c
conftest.c:23:28: fatal error: ac_nonexistent.h: No such file or directory
 #include <ac_nonexistent.h>
                            ^
compilation terminated.
configure:12071: $? = 1
configure: failed program was:
| /* confdefs.h */
| #define PACKAGE_NAME "leptonica"
| #define PACKAGE_TARNAME "leptonica"
| #define PACKAGE_VERSION "1.72"
| #define PACKAGE_STRING "leptonica 1.72"
| #define PACKAGE_BUGREPORT ""
| #define PACKAGE_URL ""
| #define STDC_HEADERS 1
| #define HAVE_SYS_TYPES_H 1
| #define HAVE_SYS_STAT_H 1
| #define HAVE_STDLIB_H 1
| #define HAVE_STRING_H 1
| #define HAVE_MEMORY_H 1
| #define HAVE_STRINGS_H 1
| #define HAVE_INTTYPES_H 1
| #define HAVE_STDINT_H 1
| #define HAVE_UNISTD_H 1
| #define HAVE_DLFCN_H 1
| #define LT_OBJDIR ".libs/"
| #define PACKAGE "leptonica"
| #define VERSION "1.72"
| /* end confdefs.h.  */
| #include <ac_nonexistent.h>
configure:12101: checking whether ln -s works
configure:12105: result: yes
configure:12112: checking whether make sets $(MAKE)
configure:12134: result: yes
configure:12291: checking for cos in -lm
configure:12316: gcc -o conftest -g -O2   conftest.c -lm   >&5
conftest.c:30:6: warning: conflicting types for built-in function 'cos' [enabled by default]
 char cos ();
      ^
configure:12316: $? = 0
configure:12325: result: yes
configure:12337: checking for deflate in -lz
configure:12362: gcc -o conftest -g -O2   conftest.c -lz   >&5
configure:12362: $? = 0
configure:12371: result: yes
configure:12389: checking for png_read_png in -lpng
configure:12415: gcc -o conftest -g -O2   conftest.c -lpng -lm -lz
    >&5
configure:12415: $? = 0
configure:12424: result: yes
configure:12441: checking for jpeg_read_scanlines in -ljpeg
configure:12466: gcc -o conftest -g -O2   conftest.c -ljpeg   >&5
configure:12466: $? = 0
configure:12475: result: yes
configure:12493: checking for DGifOpenFileHandle in -lgif
configure:12518: gcc -o conftest -g -O2   conftest.c -lgif   >&5
configure:12518: $? = 0
configure:12527: result: yes
configure:12554: checking for TIFFOpen in -ltiff
configure:12580: gcc -o conftest -g -O2   conftest.c -ltiff -lm -lz -ljpeg
    >&5
configure:12580: $? = 0
configure:12589: result: yes
configure:12606: checking for WebPGetInfo in -lwebp
configure:12632: gcc -o conftest -g -O2   conftest.c -lwebp -lm
    >&5
/usr/bin/ld: cannot find -lwebp
collect2: error: ld returned 1 exit status
configure:12632: $? = 1
configure: failed program was:
| /* confdefs.h */
| #define PACKAGE_NAME "leptonica"
| #define PACKAGE_TARNAME "leptonica"
| #define PACKAGE_VERSION "1.72"
| #define PACKAGE_STRING "leptonica 1.72"
| #define PACKAGE_BUGREPORT ""
| #define PACKAGE_URL ""
| #define STDC_HEADERS 1
| #define HAVE_SYS_TYPES_H 1
| #define HAVE_SYS_STAT_H 1
| #define HAVE_STDLIB_H 1
| #define HAVE_STRING_H 1
| #define HAVE_MEMORY_H 1
| #define HAVE_STRINGS_H 1
| #define HAVE_INTTYPES_H 1
| #define HAVE_STDINT_H 1
| #define HAVE_UNISTD_H 1
| #define HAVE_DLFCN_H 1
| #define LT_OBJDIR ".libs/"
| #define PACKAGE "leptonica"
| #define VERSION "1.72"
| #define HAVE_LIBZ 1
| #define HAVE_LIBPNG 1
| #define HAVE_LIBJPEG 1
| #define HAVE_LIBGIF 1
| #define HAVE_LIBTIFF 1
| /* end confdefs.h.  */
| 
| /* Override any GCC internal prototype to avoid an error.
|    Use char because int might match the return type of a GCC
|    builtin and then its argument prototype would still apply.  */
| #ifdef __cplusplus
| extern "C"
| #endif
| char WebPGetInfo ();
| int
| main ()
| {
| return WebPGetInfo ();
|   ;
|   return 0;
| }
configure:12641: result: no
configure:12667: checking for opj_create_decompress in -lopenjp2
configure:12692: gcc -o conftest -g -O2   conftest.c -lopenjp2   >&5
/usr/bin/ld: cannot find -lopenjp2
collect2: error: ld returned 1 exit status
configure:12692: $? = 1
configure: failed program was:
| /* confdefs.h */
| #define PACKAGE_NAME "leptonica"
| #define PACKAGE_TARNAME "leptonica"
| #define PACKAGE_VERSION "1.72"
| #define PACKAGE_STRING "leptonica 1.72"
| #define PACKAGE_BUGREPORT ""
| #define PACKAGE_URL ""
| #define STDC_HEADERS 1
| #define HAVE_SYS_TYPES_H 1
| #define HAVE_SYS_STAT_H 1
| #define HAVE_STDLIB_H 1
| #define HAVE_STRING_H 1
| #define HAVE_MEMORY_H 1
| #define HAVE_STRINGS_H 1
| #define HAVE_INTTYPES_H 1
| #define HAVE_STDINT_H 1
| #define HAVE_UNISTD_H 1
| #define HAVE_DLFCN_H 1
| #define LT_OBJDIR ".libs/"
| #define PACKAGE "leptonica"
| #define VERSION "1.72"
| #define HAVE_LIBZ 1
| #define HAVE_LIBPNG 1
| #define HAVE_LIBJPEG 1
| #define HAVE_LIBGIF 1
| #define HAVE_LIBTIFF 1
| /* end confdefs.h.  */
| 
| /* Override any GCC internal prototype to avoid an error.
|    Use char because int might match the return type of a GCC
|    builtin and then its argument prototype would still apply.  */
| #ifdef __cplusplus
| extern "C"
| #endif
| char opj_create_decompress ();
| int
| main ()
| {
| return opj_create_decompress ();
|   ;
|   return 0;
| }
configure:12701: result: no
configure:12763: checking whether make supports nested variables
configure:12780: result: yes
configure:12793: checking for size_t
configure:12793: gcc -c -g -O2  conftest.c >&5
configure:12793: $? = 0
configure:12793: gcc -c -g -O2  conftest.c >&5
conftest.c: In function 'main':
conftest.c:64:21: error: expected expression before ')' token
 if (sizeof ((size_t)))
                     ^
configure:12793: $? = 1
configure: failed program was:
| /* confdefs.h */
| #define PACKAGE_NAME "leptonica"
| #define PACKAGE_TARNAME "leptonica"
| #define PACKAGE_VERSION "1.72"
| #define PACKAGE_STRING "leptonica 1.72"
| #define PACKAGE_BUGREPORT ""
| #define PACKAGE_URL ""
| #define STDC_HEADERS 1
| #define HAVE_SYS_TYPES_H 1
| #define HAVE_SYS_STAT_H 1
| #define HAVE_STDLIB_H 1
| #define HAVE_STRING_H 1
| #define HAVE_MEMORY_H 1
| #define HAVE_STRINGS_H 1
| #define HAVE_INTTYPES_H 1
| #define HAVE_STDINT_H 1
| #define HAVE_UNISTD_H 1
| #define HAVE_DLFCN_H 1
| #define LT_OBJDIR ".libs/"
| #define PACKAGE "leptonica"
| #define VERSION "1.72"
| #define HAVE_LIBZ 1
| #define HAVE_LIBPNG 1
| #define HAVE_LIBJPEG 1
| #define HAVE_LIBGIF 1
| #define HAVE_LIBTIFF 1
| /* end confdefs.h.  */
| #include <stdio.h>
| #ifdef HAVE_SYS_TYPES_H
| # include <sys/types.h>
| #endif
| #ifdef HAVE_SYS_STAT_H
| # include <sys/stat.h>
| #endif
| #ifdef STDC_HEADERS
| # include <stdlib.h>
| # include <stddef.h>
| #else
| # ifdef HAVE_STDLIB_H
| #  include <stdlib.h>
| # endif
| #endif
| #ifdef HAVE_STRING_H
| # if !defined STDC_HEADERS && defined HAVE_MEMORY_H
| #  include <memory.h>
| # endif
| # include <string.h>
| #endif
| #ifdef HAVE_STRINGS_H
| # include <strings.h>
| #endif
| #ifdef HAVE_INTTYPES_H
| # include <inttypes.h>
| #endif
| #ifdef HAVE_STDINT_H
| # include <stdint.h>
| #endif
| #ifdef HAVE_UNISTD_H
| # include <unistd.h>
| #endif
| int
| main ()
| {
| if (sizeof ((size_t)))
| 	    return 0;
|   ;
|   return 0;
| }
configure:12793: result: yes
configure:12804: checking whether byte ordering is bigendian
configure:12819: gcc -c -g -O2  conftest.c >&5
conftest.c:29:9: error: unknown type name 'not'
         not a universal capable compiler
         ^
conftest.c:29:15: error: expected '=', ',', ';', 'asm' or '__attribute__' before 'universal'
         not a universal capable compiler
               ^
conftest.c:29:15: error: unknown type name 'universal'
configure:12819: $? = 1
configure: failed program was:
| /* confdefs.h */
| #define PACKAGE_NAME "leptonica"
| #define PACKAGE_TARNAME "leptonica"
| #define PACKAGE_VERSION "1.72"
| #define PACKAGE_STRING "leptonica 1.72"
| #define PACKAGE_BUGREPORT ""
| #define PACKAGE_URL ""
| #define STDC_HEADERS 1
| #define HAVE_SYS_TYPES_H 1
| #define HAVE_SYS_STAT_H 1
| #define HAVE_STDLIB_H 1
| #define HAVE_STRING_H 1
| #define HAVE_MEMORY_H 1
| #define HAVE_STRINGS_H 1
| #define HAVE_INTTYPES_H 1
| #define HAVE_STDINT_H 1
| #define HAVE_UNISTD_H 1
| #define HAVE_DLFCN_H 1
| #define LT_OBJDIR ".libs/"
| #define PACKAGE "leptonica"
| #define VERSION "1.72"
| #define HAVE_LIBZ 1
| #define HAVE_LIBPNG 1
| #define HAVE_LIBJPEG 1
| #define HAVE_LIBGIF 1
| #define HAVE_LIBTIFF 1
| /* end confdefs.h.  */
| #ifndef __APPLE_CC__
| 	       not a universal capable compiler
| 	     #endif
| 	     typedef int dummy;
| 
configure:12864: gcc -c -g -O2  conftest.c >&5
configure:12864: $? = 0
configure:12882: gcc -c -g -O2  conftest.c >&5
conftest.c: In function 'main':
conftest.c:35:4: error: unknown type name 'not'
    not big endian
    ^
conftest.c:35:12: error: expected '=', ',', ';', 'asm' or '__attribute__' before 'endian'
    not big endian
            ^
configure:12882: $? = 1
configure: failed program was:
| /* confdefs.h */
| #define PACKAGE_NAME "leptonica"
| #define PACKAGE_TARNAME "leptonica"
| #define PACKAGE_VERSION "1.72"
| #define PACKAGE_STRING "leptonica 1.72"
| #define PACKAGE_BUGREPORT ""
| #define PACKAGE_URL ""
| #define STDC_HEADERS 1
| #define HAVE_SYS_TYPES_H 1
| #define HAVE_SYS_STAT_H 1
| #define HAVE_STDLIB_H 1
| #define HAVE_STRING_H 1
| #define HAVE_MEMORY_H 1
| #define HAVE_STRINGS_H 1
| #define HAVE_INTTYPES_H 1
| #define HAVE_STDINT_H 1
| #define HAVE_UNISTD_H 1
| #define HAVE_DLFCN_H 1
| #define LT_OBJDIR ".libs/"
| #define PACKAGE "leptonica"
| #define VERSION "1.72"
| #define HAVE_LIBZ 1
| #define HAVE_LIBPNG 1
| #define HAVE_LIBJPEG 1
| #define HAVE_LIBGIF 1
| #define HAVE_LIBTIFF 1
| /* end confdefs.h.  */
| #include <sys/types.h>
| 		#include <sys/param.h>
| 
| int
| main ()
| {
| #if BYTE_ORDER != BIG_ENDIAN
| 		 not big endian
| 		#endif
| 
|   ;
|   return 0;
| }
configure:13010: result: no
configure:13042: checking whether compiler supports -Wl,--as-needed
configure:13058: gcc -o conftest -g -O2  -Wl,--as-needed  conftest.c  >&5
configure:13058: $? = 0
configure:13059: result: yes
configure:13072: checking for fmemopen
configure:13072: gcc -o conftest -g -O2  -Wl,--as-needed  conftest.c  >&5
configure:13072: $? = 0
configure:13072: result: yes
configure:13231: creating ./config.status

## ---------------------- ##
## Running config.status. ##
## ---------------------- ##

This file was extended by leptonica config.status 1.72, which was
generated by GNU Autoconf 2.69.  Invocation command line was

  CONFIG_FILES    = 
  CONFIG_HEADERS  = 
  CONFIG_LINKS    = 
  CONFIG_COMMANDS = 
  $ ./config.status 

on talon

config.status:1109: creating Makefile
config.status:1109: creating src/endianness.h
config.status:1109: creating src/Makefile
config.status:1109: creating prog/Makefile
config.status:1109: creating lept.pc
config.status:1109: creating config_auto.h
config.status:1290: config_auto.h is unchanged
config.status:1338: executing libtool commands
config.status:1338: executing depfiles commands

## ---------------- ##
## Cache variables. ##
## ---------------- ##

ac_cv_build=x86_64-unknown-linux-gnu
ac_cv_c_bigendian=no
ac_cv_c_compiler_gnu=yes
ac_cv_env_CC_set=
ac_cv_env_CC_value=
ac_cv_env_CFLAGS_set=
ac_cv_env_CFLAGS_value=
ac_cv_env_CPPFLAGS_set=
ac_cv_env_CPPFLAGS_value=
ac_cv_env_CPP_set=
ac_cv_env_CPP_value=
ac_cv_env_LDFLAGS_set=
ac_cv_env_LDFLAGS_value=
ac_cv_env_LIBS_set=
ac_cv_env_LIBS_value=
ac_cv_env_build_alias_set=
ac_cv_env_build_alias_value=
ac_cv_env_host_alias_set=
ac_cv_env_host_alias_value=
ac_cv_env_target_alias_set=
ac_cv_env_target_alias_value=
ac_cv_func_fmemopen=yes
ac_cv_header_dlfcn_h=yes
ac_cv_header_inttypes_h=yes
ac_cv_header_memory_h=yes
ac_cv_header_stdc=yes
ac_cv_header_stdint_h=yes
ac_cv_header_stdlib_h=yes
ac_cv_header_string_h=yes
ac_cv_header_strings_h=yes
ac_cv_header_sys_stat_h=yes
ac_cv_header_sys_types_h=yes
ac_cv_header_unistd_h=yes
ac_cv_host=x86_64-unknown-linux-gnu
ac_cv_lib_gif_DGifOpenFileHandle=yes
ac_cv_lib_jpeg_jpeg_read_scanlines=yes
ac_cv_lib_m_cos=yes
ac_cv_lib_openjp2_opj_create_decompress=no
ac_cv_lib_png_png_read_png=yes
ac_cv_lib_tiff_TIFFOpen=yes
ac_cv_lib_webp_WebPGetInfo=no
ac_cv_lib_z_deflate=yes
ac_cv_objext=o
ac_cv_path_EGREP='/bin/grep -E'
ac_cv_path_FGREP='/bin/grep -F'
ac_cv_path_GREP=/bin/grep
ac_cv_path_SED=/bin/sed
ac_cv_path_install='/usr/bin/install -c'
ac_cv_path_mkdir=/bin/mkdir
ac_cv_prog_AWK=gawk
ac_cv_prog_CPP='gcc -E'
ac_cv_prog_ac_ct_AR=ar
ac_cv_prog_ac_ct_CC=gcc
ac_cv_prog_ac_ct_MANIFEST_TOOL=mt
ac_cv_prog_ac_ct_OBJDUMP=objdump
ac_cv_prog_ac_ct_RANLIB=ranlib
ac_cv_prog_ac_ct_STRIP=strip
ac_cv_prog_cc_c89=
ac_cv_prog_cc_g=yes
ac_cv_prog_make_make_set=yes
ac_cv_type_size_t=yes
am_cv_CC_dependencies_compiler_type=gcc3
am_cv_make_support_nested_variables=yes
lt_cv_ar_at_file=@
lt_cv_archive_cmds_need_lc=no
lt_cv_deplibs_check_method=pass_all
lt_cv_file_magic_cmd='$MAGIC_CMD'
lt_cv_file_magic_test_file=
lt_cv_ld_reload_flag=-r
lt_cv_nm_interface='BSD nm'
lt_cv_objdir=.libs
lt_cv_path_LD=/usr/bin/ld
lt_cv_path_NM='/usr/bin/nm -B'
lt_cv_path_mainfest_tool=no
lt_cv_prog_compiler_c_o=yes
lt_cv_prog_compiler_pic='-fPIC -DPIC'
lt_cv_prog_compiler_pic_works=yes
lt_cv_prog_compiler_rtti_exceptions=no
lt_cv_prog_compiler_static_works=yes
lt_cv_prog_gnu_ld=yes
lt_cv_sharedlib_from_linklib_cmd='printf %s\n'
lt_cv_shlibpath_overrides_runpath=no
lt_cv_sys_global_symbol_pipe='sed -n -e '\''s/^.*[	 ]\([ABCDGIRSTW][ABCDGIRSTW]*\)[	 ][	 ]*\([_A-Za-z][_A-Za-z0-9]*\)$/\1 \2 \2/p'\'' | sed '\''/ __gnu_lto/d'\'''
lt_cv_sys_global_symbol_to_c_name_address='sed -n -e '\''s/^: \([^ ]*\)[ ]*$/  {\"\1\", (void *) 0},/p'\'' -e '\''s/^[ABCDGIRSTW]* \([^ ]*\) \([^ ]*\)$/  {"\2", (void *) \&\2},/p'\'''
lt_cv_sys_global_symbol_to_c_name_address_lib_prefix='sed -n -e '\''s/^: \([^ ]*\)[ ]*$/  {\"\1\", (void *) 0},/p'\'' -e '\''s/^[ABCDGIRSTW]* \([^ ]*\) \(lib[^ ]*\)$/  {"\2", (void *) \&\2},/p'\'' -e '\''s/^[ABCDGIRSTW]* \([^ ]*\) \([^ ]*\)$/  {"lib\2", (void *) \&\2},/p'\'''
lt_cv_sys_global_symbol_to_cdecl='sed -n -e '\''s/^T .* \(.*\)$/extern int \1();/p'\'' -e '\''s/^[ABCDGIRSTW]* .* \(.*\)$/extern char \1;/p'\'''
lt_cv_sys_max_cmd_len=3458764513820540925
lt_cv_to_host_file_cmd=func_convert_file_noop
lt_cv_to_tool_file_cmd=func_convert_file_noop

## ----------------- ##
## Output variables. ##
## ----------------- ##

ACLOCAL='${SHELL} /usr/shwetank/pramati/rsh/picsense/depends/leptonica-1.72/config/missing --run aclocal-1.11'
AMDEPBACKSLASH='\'
AMDEP_FALSE='#'
AMDEP_TRUE=''
AMTAR='$${TAR-tar}'
AM_BACKSLASH='\'
AM_DEFAULT_V='$(AM_DEFAULT_VERBOSITY)'
AM_DEFAULT_VERBOSITY='0'
AM_V='$(V)'
APPLE_UNIVERSAL_BUILD='0'
AR='ar'
AUTOCONF='${SHELL} /usr/shwetank/pramati/rsh/picsense/depends/leptonica-1.72/config/missing --run autoconf'
AUTOHEADER='${SHELL} /usr/shwetank/pramati/rsh/picsense/depends/leptonica-1.72/config/missing --run autoheader'
AUTOMAKE='${SHELL} /usr/shwetank/pramati/rsh/picsense/depends/leptonica-1.72/config/missing --run automake-1.11'
AWK='gawk'
CC='gcc'
CCDEPMODE='depmode=gcc3'
CFLAGS='-g -O2'
CPP='gcc -E'
CPPFLAGS=''
CYGPATH_W='echo'
DEFS='-DHAVE_CONFIG_H'
DEPDIR='.deps'
DLLTOOL='false'
DSYMUTIL=''
DUMPBIN=''
ECHO_C=''
ECHO_N='-n'
ECHO_T=''
EGREP='/bin/grep -E'
ENABLE_PROGRAMS_FALSE='#'
ENABLE_PROGRAMS_TRUE=''
ENDIANNESS='L_LITTLE_ENDIAN'
EXEEXT=''
FGREP='/bin/grep -F'
GDI_LIBS=''
GIFLIB_LIBS='-lgif'
GREP='/bin/grep'
HAVE_LIBGIF_FALSE='#'
HAVE_LIBGIF_TRUE=''
HAVE_LIBJP2K_FALSE=''
HAVE_LIBJP2K_TRUE='#'
HAVE_LIBWEBP_FALSE=''
HAVE_LIBWEBP_TRUE='#'
INSTALL_DATA='${INSTALL} -m 644'
INSTALL_PROGRAM='${INSTALL}'
INSTALL_SCRIPT='${INSTALL}'
INSTALL_STRIP_PROGRAM='$(install_sh) -c -s'
JPEG_LIBS='-ljpeg'
LD='/usr/bin/ld -m elf_x86_64'
LDFLAGS='-Wl,--as-needed '
LIBJP2K_LIBS=''
LIBM='-lm'
LIBOBJS=''
LIBPNG_LIBS='-lpng'
LIBS=''
LIBTIFF_LIBS='-ltiff'
LIBTOOL='$(SHELL) $(top_builddir)/libtool'
LIBWEBP_LIBS=''
LIPO=''
LN_S='ln -s'
LTLIBOBJS=''
MAKEINFO='${SHELL} /usr/shwetank/pramati/rsh/picsense/depends/leptonica-1.72/config/missing --run makeinfo'
MANIFEST_TOOL=':'
MKDIR_P='/bin/mkdir -p'
NM='/usr/bin/nm -B'
NMEDIT=''
OBJDUMP='objdump'
OBJEXT='o'
OTOOL64=''
OTOOL=''
PACKAGE='leptonica'
PACKAGE_BUGREPORT=''
PACKAGE_NAME='leptonica'
PACKAGE_STRING='leptonica 1.72'
PACKAGE_TARNAME='leptonica'
PACKAGE_URL=''
PACKAGE_VERSION='1.72'
PATH_SEPARATOR=':'
RANLIB='ranlib'
SED='/bin/sed'
SET_MAKE=''
SHELL='/bin/bash'
STRIP='strip'
VERSION='1.72'
ZLIB_LIBS='-lz'
ac_ct_AR='ar'
ac_ct_CC='gcc'
ac_ct_DUMPBIN=''
am__EXEEXT_FALSE=''
am__EXEEXT_TRUE='#'
am__fastdepCC_FALSE='#'
am__fastdepCC_TRUE=''
am__include='include'
am__isrc=''
am__leading_dot='.'
am__nodep='_no'
am__quote=''
am__tar='$${TAR-tar} chof - "$$tardir"'
am__untar='$${TAR-tar} xf -'
bindir='${exec_prefix}/bin'
build='x86_64-unknown-linux-gnu'
build_alias=''
build_cpu='x86_64'
build_os='linux-gnu'
build_vendor='unknown'
datadir='${datarootdir}'
datarootdir='${prefix}/share'
docdir='${datarootdir}/doc/${PACKAGE_TARNAME}'
dvidir='${docdir}'
exec_prefix='${prefix}'
host='x86_64-unknown-linux-gnu'
host_alias=''
host_cpu='x86_64'
host_os='linux-gnu'
host_vendor='unknown'
htmldir='${docdir}'
includedir='${prefix}/include'
infodir='${datarootdir}/info'
install_sh='${SHELL} /usr/shwetank/pramati/rsh/picsense/depends/leptonica-1.72/config/install-sh'
libdir='${exec_prefix}/lib'
libexecdir='${exec_prefix}/libexec'
localedir='${datarootdir}/locale'
localstatedir='${prefix}/var'
mandir='${datarootdir}/man'
mkdir_p='/bin/mkdir -p'
oldincludedir='/usr/include'
pdfdir='${docdir}'
prefix='/usr/shwetank/pramati/rsh/picsense/depends'
program_transform_name='s,x,x,'
psdir='${docdir}'
sbindir='${exec_prefix}/sbin'
sharedstatedir='${prefix}/com'
sysconfdir='${prefix}/etc'
target_alias=''

## ----------- ##
## confdefs.h. ##
## ----------- ##

/* confdefs.h */
#define PACKAGE_NAME "leptonica"
#define PACKAGE_TARNAME "leptonica"
#define PACKAGE_VERSION "1.72"
#define PACKAGE_STRING "leptonica 1.72"
#define PACKAGE_BUGREPORT ""
#define PACKAGE_URL ""
#define STDC_HEADERS 1
#define HAVE_SYS_TYPES_H 1
#define HAVE_SYS_STAT_H 1
#define HAVE_STDLIB_H 1
#define HAVE_STRING_H 1
#define HAVE_MEMORY_H 1
#define HAVE_STRINGS_H 1
#define HAVE_INTTYPES_H 1
#define HAVE_STDINT_H 1
#define HAVE_UNISTD_H 1
#define HAVE_DLFCN_H 1
#define LT_OBJDIR ".libs/"
#define PACKAGE "leptonica"
#define VERSION "1.72"
#define HAVE_LIBZ 1
#define HAVE_LIBPNG 1
#define HAVE_LIBJPEG 1
#define HAVE_LIBGIF 1
#define HAVE_LIBTIFF 1
#define HAVE_FMEMOPEN 1

configure: exit 0
